{"contracts/InfinityWall.sol":{"l":{"8":31,"9":31,"10":31,"26":6,"27":5,"37":5,"43":5,"47":1,"48":1,"52":1,"63":4,"64":4,"66":4},"path":"/home/artem/hardhat/infinityWall/contracts/InfinityWall.sol","s":{"1":31,"2":6,"3":5,"4":5,"5":1,"6":1,"7":4,"8":4,"9":4},"b":{"1":[5,1],"2":[5,1],"3":[1,1],"4":[1,1]},"f":{"1":31,"2":6,"3":5,"4":1,"5":1,"6":4},"fnMap":{"1":{"name":"constructor","line":7,"loc":{"start":{"line":7,"column":4},"end":{"line":11,"column":4}}},"2":{"name":"minValue","line":25,"loc":{"start":{"line":25,"column":4},"end":{"line":28,"column":4}}},"3":{"name":"setMessage","line":35,"loc":{"start":{"line":32,"column":4},"end":{"line":44,"column":4}}},"4":{"name":"withdraw","line":46,"loc":{"start":{"line":46,"column":4},"end":{"line":49,"column":4}}},"5":{"name":"setMinDonate","line":51,"loc":{"start":{"line":51,"column":4},"end":{"line":53,"column":4}}},"6":{"name":"createNewWall","line":62,"loc":{"start":{"line":62,"column":4},"end":{"line":67,"column":4}}}},"statementMap":{"1":{"start":{"line":10,"column":8},"end":{"line":10,"column":35}},"2":{"start":{"line":26,"column":8},"end":{"line":26,"column":60}},"3":{"start":{"line":37,"column":8},"end":{"line":37,"column":897}},"4":{"start":{"line":43,"column":8},"end":{"line":43,"column":70}},"5":{"start":{"line":47,"column":8},"end":{"line":47,"column":71}},"6":{"start":{"line":48,"column":8},"end":{"line":48,"column":54}},"7":{"start":{"line":63,"column":8},"end":{"line":63,"column":62}},"8":{"start":{"line":64,"column":8},"end":{"line":64,"column":35}},"9":{"start":{"line":66,"column":8},"end":{"line":66,"column":54}}},"branchMap":{"1":{"line":26,"type":"if","locations":[{"start":{"line":26,"column":8},"end":{"line":26,"column":8}},{"start":{"line":26,"column":8},"end":{"line":26,"column":8}}]},"2":{"line":35,"type":"if","locations":[{"start":{"line":35,"column":8},"end":{"line":35,"column":8}},{"start":{"line":35,"column":8},"end":{"line":35,"column":8}}]},"3":{"line":46,"type":"if","locations":[{"start":{"line":46,"column":31},"end":{"line":46,"column":31}},{"start":{"line":46,"column":31},"end":{"line":46,"column":31}}]},"4":{"line":51,"type":"if","locations":[{"start":{"line":51,"column":49},"end":{"line":51,"column":49}},{"start":{"line":51,"column":49},"end":{"line":51,"column":49}}]}}}}