TN:
SF:/home/artem/hardhat/infinityWall/contracts/InfinityWall.sol
FN:7,constructor
FN:25,minValue
FN:35,setMessage
FN:46,withdraw
FN:51,setMinDonate
FN:62,createNewWall
FNF:6
FNH:6
FNDA:31,constructor
FNDA:6,minValue
FNDA:5,setMessage
FNDA:1,withdraw
FNDA:1,setMinDonate
FNDA:4,createNewWall
DA:8,31
DA:9,31
DA:10,31
DA:26,6
DA:27,5
DA:37,5
DA:43,5
DA:47,1
DA:48,1
DA:52,1
DA:63,4
DA:64,4
DA:66,4
LF:13
LH:13
BRDA:26,1,0,5
BRDA:26,1,1,1
BRDA:35,2,0,5
BRDA:35,2,1,1
BRDA:46,3,0,1
BRDA:46,3,1,1
BRDA:51,4,0,1
BRDA:51,4,1,1
BRF:8
BRH:8
end_of_record
